<?xml version="1.0" encoding="UTF-8"?>
<!-- Generated by org.testng.reporters.JUnitReportReporter -->
<testsuite hostname="DESKTOP-MAMKECI" failures="0" tests="1" name="com.selenium.test_automation_demo.AppTest" time="0.017" errors="0" timestamp="05 Aug 2022 15:27:29 GMT" skipped="0">
  <testcase classname="com.selenium.test_automation_demo.AppTest" name="shouldAnswerWithTrue" time="0.017"/>
</testsuite> <!-- com.selenium.test_automation_demo.AppTest -->
